[INFO] Scanning for projects...
[INFO] 
[INFO] ----------------------< com.autowashpro:backend >-----------------------
[INFO] Building backend 0.0.1-SNAPSHOT
[INFO]   from pom.xml
[INFO] --------------------------------[ jar ]---------------------------------
[INFO] 
[INFO] >>> spring-boot:3.5.6:run (default-cli) > test-compile @ backend >>>
[INFO] 
[INFO] --- resources:3.3.1:resources (default-resources) @ backend ---
[INFO] Copying 1 resource from src\main\resources to target\classes
[INFO] Copying 1 resource from src\main\resources to target\classes
[INFO] 
[INFO] --- compiler:3.13.0:compile (default-compile) @ backend ---
[INFO] Nothing to compile - all classes are up to date.
[INFO] 
[INFO] --- resources:3.3.1:testResources (default-testResources) @ backend ---
[INFO] skip non existing resourceDirectory D:\demoSWP\demomain\Vehicles-washing-G4-5\Back-end\src\test\resources
[INFO] 
[INFO] --- compiler:3.13.0:testCompile (default-testCompile) @ backend ---
[INFO] No sources to compile
[INFO] 
[INFO] <<< spring-boot:3.5.6:run (default-cli) < test-compile @ backend <<<
[INFO] 
[INFO] 
[INFO] --- spring-boot:3.5.6:run (default-cli) @ backend ---
[INFO] Attaching agents: []

  .   ____          _            __ _ _
 /\\ / ___'_ __ _ _(_)_ __  __ _ \ \ \ \
( ( )\___ | '_ | '_| | '_ \/ _` | \ \ \ \
 \\/  ___)| |_)| | | | | || (_| |  ) ) ) )
  '  |____| .__|_| |_|_| |_\__, | / / / /
 =========|_|==============|___/=/_/_/_/

 :: Spring Boot ::                (v3.5.6)

2026-07-21T13:45:43.949+07:00  INFO 27864 --- [           main] com.autowashpro.BackendApplication       : Starting BackendApplication using Java 17.0.12 with PID 27864 (D:\demoSWP\demomain\Vehicles-washing-G4-5\Back-end\target\classes started by nguye in D:\demoSWP\demomain\Vehicles-washing-G4-5\Back-end)
2026-07-21T13:45:43.951+07:00  INFO 27864 --- [           main] com.autowashpro.BackendApplication       : No active profile set, falling back to 1 default profile: "default"
2026-07-21T13:45:44.692+07:00  INFO 27864 --- [           main] .s.d.r.c.RepositoryConfigurationDelegate : Bootstrapping Spring Data JPA repositories in DEFAULT mode.
2026-07-21T13:45:44.755+07:00  INFO 27864 --- [           main] .s.d.r.c.RepositoryConfigurationDelegate : Finished Spring Data repository scanning in 52 ms. Found 9 JPA repository interfaces.
2026-07-21T13:45:45.172+07:00  INFO 27864 --- [           main] o.s.b.w.embedded.tomcat.TomcatWebServer  : Tomcat initialized with port 8080 (http)
2026-07-21T13:45:45.184+07:00  INFO 27864 --- [           main] o.apache.catalina.core.StandardService   : Starting service [Tomcat]
2026-07-21T13:45:45.184+07:00  INFO 27864 --- [           main] o.apache.catalina.core.StandardEngine    : Starting Servlet engine: [Apache Tomcat/10.1.46]
2026-07-21T13:45:45.247+07:00  INFO 27864 --- [           main] o.a.c.c.C.[Tomcat].[localhost].[/]       : Initializing Spring embedded WebApplicationContext
2026-07-21T13:45:45.247+07:00  INFO 27864 --- [           main] w.s.c.ServletWebServerApplicationContext : Root WebApplicationContext: initialization completed in 1268 ms
2026-07-21T13:45:45.474+07:00  INFO 27864 --- [           main] o.hibernate.jpa.internal.util.LogHelper  : HHH000204: Processing PersistenceUnitInfo [name: default]
2026-07-21T13:45:45.537+07:00  INFO 27864 --- [           main] org.hibernate.Version                    : HHH000412: Hibernate ORM core version 6.6.29.Final
2026-07-21T13:45:45.553+07:00  INFO 27864 --- [           main] o.h.c.internal.RegionFactoryInitiator    : HHH000026: Second-level cache disabled
2026-07-21T13:45:45.758+07:00  INFO 27864 --- [           main] o.s.o.j.p.SpringPersistenceUnitInfo      : No LoadTimeWeaver setup: ignoring JPA class transformer
2026-07-21T13:45:45.790+07:00  INFO 27864 --- [           main] com.zaxxer.hikari.HikariDataSource       : HikariPool-1 - Starting...
2026-07-21T13:45:46.157+07:00  INFO 27864 --- [           main] com.zaxxer.hikari.pool.HikariPool        : HikariPool-1 - Added connection ConnectionID:1 ClientConnectionId: 39a905d4-20b9-445e-89f2-833f4ed4cafc
2026-07-21T13:45:46.157+07:00  INFO 27864 --- [           main] com.zaxxer.hikari.HikariDataSource       : HikariPool-1 - Start completed.
2026-07-21T13:45:46.248+07:00  INFO 27864 --- [           main] org.hibernate.orm.connections.pooling    : HHH10001005: Database info:
	Database JDBC URL [Connecting through datasource 'HikariDataSource (HikariPool-1)']
	Database driver: undefined/unknown
	Database version: 16.0
	Autocommit mode: undefined/unknown
	Isolation level: undefined/unknown
	Minimum pool size: undefined/unknown
	Maximum pool size: undefined/unknown
2026-07-21T13:45:47.019+07:00  INFO 27864 --- [           main] o.h.e.t.j.p.i.JtaPlatformInitiator       : HHH000489: No JTA platform available (set 'hibernate.transaction.jta.platform' to enable JTA platform integration)
2026-07-21T13:45:47.021+07:00  INFO 27864 --- [           main] j.LocalContainerEntityManagerFactoryBean : Initialized JPA EntityManagerFactory for persistence unit 'default'
2026-07-21T13:45:47.078+07:00  INFO 27864 --- [           main] com.autowashpro.config.FirebaseConfig    : Firebase Admin SDK initialized successfully.
2026-07-21T13:45:47.677+07:00  INFO 27864 --- [           main] o.s.b.a.e.web.EndpointLinksResolver      : Exposing 1 endpoint beneath base path '/actuator'
2026-07-21T13:45:47.695+07:00  WARN 27864 --- [           main] .s.s.UserDetailsServiceAutoConfiguration : 

Using generated security password: 81b87b9b-fb30-42e3-a513-3e5f482cabdb

This generated password is for development use only. Your security configuration must be updated before running your application in production.

2026-07-21T13:45:47.704+07:00  INFO 27864 --- [           main] r$InitializeUserDetailsManagerConfigurer : Global AuthenticationManager configured with UserDetailsService bean with name inMemoryUserDetailsManager
2026-07-21T13:45:48.030+07:00  INFO 27864 --- [           main] o.s.b.w.embedded.tomcat.TomcatWebServer  : Tomcat started on port 8080 (http) with context path '/'
2026-07-21T13:45:48.045+07:00  INFO 27864 --- [           main] com.autowashpro.BackendApplication       : Started BackendApplication in 4.413 seconds (process running for 4.716)
Hibernate: 
    select
        top (?) c1_0.customer_id 
    from
        customers c1_0 
    where
        c1_0.phone=?
Hibernate: 
    select
        top (?) c1_0.customer_id 
    from
        customers c1_0 
    where
        c1_0.phone=?
2026-07-21T13:45:51.386+07:00  INFO 27864 --- [nio-8080-exec-1] o.a.c.c.C.[Tomcat].[localhost].[/]       : Initializing Spring DispatcherServlet 'dispatcherServlet'
2026-07-21T13:45:51.386+07:00  INFO 27864 --- [nio-8080-exec-1] o.s.web.servlet.DispatcherServlet        : Initializing Servlet 'dispatcherServlet'
2026-07-21T13:45:51.386+07:00  INFO 27864 --- [nio-8080-exec-1] o.s.web.servlet.DispatcherServlet        : Completed initialization in 0 ms
2026-07-21T13:46:34.664+07:00  INFO 27864 --- [nio-8080-exec-1] o.springdoc.api.AbstractOpenApiResource  : Init duration for springdoc-openapi is: 348 ms
[INFO] ------------------------------------------------------------------------
[INFO] BUILD FAILURE
[INFO] ------------------------------------------------------------------------
[INFO] Total time:  02:45 min
[INFO] Finished at: 2026-07-21T13:48:25+07:00
[INFO] ------------------------------------------------------------------------
[ERROR] Failed to execute goal org.springframework.boot:spring-boot-maven-plugin:3.5.6:run (default-cli) on project backend: Process terminated with exit code: -1 -> [Help 1]
[ERROR] 
[ERROR] To see the full stack trace of the errors, re-run Maven with the -e switch.
[ERROR] Re-run Maven using the -X switch to enable full debug logging.
[ERROR] 
[ERROR] For more information about the errors and possible solutions, please read the following articles:
[ERROR] [Help 1] http://cwiki.apache.org/confluence/display/MAVEN/MojoExecutionException
