[INFO] Scanning for projects...
[INFO] 
[INFO] ----------------------< com.autowashpro:backend >-----------------------
[INFO] Building backend 0.0.1-SNAPSHOT
[INFO]   from pom.xml
[INFO] --------------------------------[ jar ]---------------------------------
[INFO] 
[INFO] >>> spring-boot:3.5.6:run (default-cli) > test-compile @ backend >>>
[INFO] 
[INFO] --- resources:3.3.1:resources (default-resources) @ backend ---
[INFO] Copying 1 resource from src\main\resources to target\classes
[INFO] Copying 1 resource from src\main\resources to target\classes
[INFO] 
[INFO] --- compiler:3.13.0:compile (default-compile) @ backend ---
[INFO] Recompiling the module because of changed source code.
[INFO] Compiling 69 source files with javac [debug parameters release 17] to target\classes
[WARNING] /D:/demoSWP/demomain/Vehicles-washing-G4-5/Back-end/src/main/java/com/autowashpro/mapper/CustomerMapper.java:[16,14] Unmapped target properties: "role, vehicles".
[WARNING] /D:/demoSWP/demomain/Vehicles-washing-G4-5/Back-end/src/main/java/com/autowashpro/mapper/AuthMapper.java:[27,14] Unmapped target property: "vehicles".
[INFO] 
[INFO] --- resources:3.3.1:testResources (default-testResources) @ backend ---
[INFO] skip non existing resourceDirectory D:\demoSWP\demomain\Vehicles-washing-G4-5\Back-end\src\test\resources
[INFO] 
[INFO] --- compiler:3.13.0:testCompile (default-testCompile) @ backend ---
[INFO] Recompiling the module because of changed dependency.
[INFO] Compiling 1 source file with javac [debug parameters release 17] to target\test-classes
[INFO] 
[INFO] <<< spring-boot:3.5.6:run (default-cli) < test-compile @ backend <<<
[INFO] 
[INFO] 
[INFO] --- spring-boot:3.5.6:run (default-cli) @ backend ---
[INFO] Attaching agents: []

  .   ____          _            __ _ _
 /\\ / ___'_ __ _ _(_)_ __  __ _ \ \ \ \
( ( )\___ | '_ | '_| | '_ \/ _` | \ \ \ \
 \\/  ___)| |_)| | | | | || (_| |  ) ) ) )
  '  |____| .__|_| |_|_| |_\__, | / / / /
 =========|_|==============|___/=/_/_/_/

 :: Spring Boot ::                (v3.5.6)

2026-07-21T19:09:39.817+07:00  INFO 8812 --- [           main] com.autowashpro.BackendApplication       : Starting BackendApplication using Java 17.0.12 with PID 8812 (D:\demoSWP\demomain\Vehicles-washing-G4-5\Back-end\target\classes started by nguye in D:\demoSWP\demomain\Vehicles-washing-G4-5\Back-end)
2026-07-21T19:09:39.817+07:00  INFO 8812 --- [           main] com.autowashpro.BackendApplication       : No active profile set, falling back to 1 default profile: "default"
2026-07-21T19:09:40.632+07:00  INFO 8812 --- [           main] .s.d.r.c.RepositoryConfigurationDelegate : Bootstrapping Spring Data JPA repositories in DEFAULT mode.
2026-07-21T19:09:40.702+07:00  INFO 8812 --- [           main] .s.d.r.c.RepositoryConfigurationDelegate : Finished Spring Data repository scanning in 63 ms. Found 9 JPA repository interfaces.
2026-07-21T19:09:41.186+07:00  INFO 8812 --- [           main] o.s.b.w.embedded.tomcat.TomcatWebServer  : Tomcat initialized with port 8080 (http)
2026-07-21T19:09:41.195+07:00  INFO 8812 --- [           main] o.apache.catalina.core.StandardService   : Starting service [Tomcat]
2026-07-21T19:09:41.195+07:00  INFO 8812 --- [           main] o.apache.catalina.core.StandardEngine    : Starting Servlet engine: [Apache Tomcat/10.1.46]
2026-07-21T19:09:41.250+07:00  INFO 8812 --- [           main] o.a.c.c.C.[Tomcat].[localhost].[/]       : Initializing Spring embedded WebApplicationContext
2026-07-21T19:09:41.250+07:00  INFO 8812 --- [           main] w.s.c.ServletWebServerApplicationContext : Root WebApplicationContext: initialization completed in 1407 ms
2026-07-21T19:09:41.528+07:00  INFO 8812 --- [           main] o.hibernate.jpa.internal.util.LogHelper  : HHH000204: Processing PersistenceUnitInfo [name: default]
2026-07-21T19:09:41.590+07:00  INFO 8812 --- [           main] org.hibernate.Version                    : HHH000412: Hibernate ORM core version 6.6.29.Final
2026-07-21T19:09:41.639+07:00  INFO 8812 --- [           main] o.h.c.internal.RegionFactoryInitiator    : HHH000026: Second-level cache disabled
2026-07-21T19:09:41.854+07:00  INFO 8812 --- [           main] o.s.o.j.p.SpringPersistenceUnitInfo      : No LoadTimeWeaver setup: ignoring JPA class transformer
2026-07-21T19:09:41.882+07:00  INFO 8812 --- [           main] com.zaxxer.hikari.HikariDataSource       : HikariPool-1 - Starting...
2026-07-21T19:09:42.345+07:00  INFO 8812 --- [           main] com.zaxxer.hikari.pool.HikariPool        : HikariPool-1 - Added connection ConnectionID:1 ClientConnectionId: 19621926-b5a4-44a9-891e-5fa9efb3607b
2026-07-21T19:09:42.345+07:00  INFO 8812 --- [           main] com.zaxxer.hikari.HikariDataSource       : HikariPool-1 - Start completed.
2026-07-21T19:09:42.465+07:00  INFO 8812 --- [           main] org.hibernate.orm.connections.pooling    : HHH10001005: Database info:
	Database JDBC URL [Connecting through datasource 'HikariDataSource (HikariPool-1)']
	Database driver: undefined/unknown
	Database version: 16.0
	Autocommit mode: undefined/unknown
	Isolation level: undefined/unknown
	Minimum pool size: undefined/unknown
	Maximum pool size: undefined/unknown
2026-07-21T19:09:43.333+07:00  INFO 8812 --- [           main] o.h.e.t.j.p.i.JtaPlatformInitiator       : HHH000489: No JTA platform available (set 'hibernate.transaction.jta.platform' to enable JTA platform integration)
2026-07-21T19:09:43.333+07:00  INFO 8812 --- [           main] j.LocalContainerEntityManagerFactoryBean : Initialized JPA EntityManagerFactory for persistence unit 'default'
2026-07-21T19:09:43.410+07:00  INFO 8812 --- [           main] com.autowashpro.config.FirebaseConfig    : Firebase Admin SDK initialized successfully.
2026-07-21T19:09:44.097+07:00  INFO 8812 --- [           main] o.s.b.a.e.web.EndpointLinksResolver      : Exposing 1 endpoint beneath base path '/actuator'
2026-07-21T19:09:44.118+07:00  WARN 8812 --- [           main] .s.s.UserDetailsServiceAutoConfiguration : 

Using generated security password: c81773b0-177d-4071-b5a4-00edc5877434

This generated password is for development use only. Your security configuration must be updated before running your application in production.

2026-07-21T19:09:44.126+07:00  INFO 8812 --- [           main] r$InitializeUserDetailsManagerConfigurer : Global AuthenticationManager configured with UserDetailsService bean with name inMemoryUserDetailsManager
2026-07-21T19:09:44.511+07:00  INFO 8812 --- [           main] o.s.b.w.embedded.tomcat.TomcatWebServer  : Tomcat started on port 8080 (http) with context path '/'
2026-07-21T19:09:44.527+07:00  INFO 8812 --- [           main] com.autowashpro.BackendApplication       : Started BackendApplication in 4.995 seconds (process running for 5.288)
Hibernate: 
    select
        top (?) c1_0.customer_id 
    from
        customers c1_0 
    where
        c1_0.phone=?
Hibernate: 
    select
        top (?) c1_0.customer_id 
    from
        customers c1_0 
    where
        c1_0.phone=?
2026-07-21T19:45:03.375+07:00  INFO 8812 --- [nio-8080-exec-1] o.a.c.c.C.[Tomcat].[localhost].[/]       : Initializing Spring DispatcherServlet 'dispatcherServlet'
2026-07-21T19:45:03.375+07:00  INFO 8812 --- [nio-8080-exec-1] o.s.web.servlet.DispatcherServlet        : Initializing Servlet 'dispatcherServlet'
2026-07-21T19:45:03.382+07:00  INFO 8812 --- [nio-8080-exec-1] o.s.web.servlet.DispatcherServlet        : Completed initialization in 6 ms
2026-07-21T19:45:04.045+07:00  INFO 8812 --- [nio-8080-exec-8] o.springdoc.api.AbstractOpenApiResource  : Init duration for springdoc-openapi is: 377 ms
Hibernate: 
    select
        c1_0.customer_id,
        c1_0.accumulated_points,
        c1_0.created_at,
        c1_0.email,
        c1_0.full_name,
        c1_0.password_hash,
        c1_0.phone,
        c1_0.role,
        c1_0.tier,
        c1_0.total_spent,
        c1_0.total_washes,
        c1_0.updated_at 
    from
        customers c1_0 
    where
        c1_0.phone=?
Hibernate: 
    select
        count_big(*) 
    from
        customers c1_0 
    where
        c1_0.customer_id=?
Hibernate: 
    select
        v1_0.vehicle_id,
        v1_0.brand,
        v1_0.customer_id,
        v1_0.is_default,
        v1_0.license_plate,
        v1_0.notes,
        v1_0.vehicle_size 
    from
        vehicles v1_0 
    left join
        customers c1_0 
            on c1_0.customer_id=v1_0.customer_id 
    where
        c1_0.customer_id=?
Hibernate: 
    select
        top (?) c1_0.customer_id 
    from
        customers c1_0 
    where
        c1_0.phone=?
Hibernate: 
    insert 
    into
        customers
        (accumulated_points, created_at, email, full_name, password_hash, phone, role, tier, total_spent, total_washes, updated_at) 
    values
        (?, ?, ?, ?, ?, ?, ?, ?, ?, ?, ?)
Hibernate: 
    insert 
    into
        vouchers
        (customer_id, discount_amount, expired_at, redeemed_at, status, voucher_code, voucher_type) 
    values
        (?, ?, ?, ?, ?, ?, ?)
Hibernate: 
    select
        c1_0.customer_id,
        c1_0.accumulated_points,
        c1_0.created_at,
        c1_0.email,
        c1_0.full_name,
        c1_0.password_hash,
        c1_0.phone,
        c1_0.role,
        c1_0.tier,
        c1_0.total_spent,
        c1_0.total_washes,
        c1_0.updated_at 
    from
        customers c1_0 
    where
        c1_0.phone=?
Hibernate: 
    select
        count_big(*) 
    from
        customers c1_0 
    where
        c1_0.customer_id=?
Hibernate: 
    select
        v1_0.vehicle_id,
        v1_0.brand,
        v1_0.customer_id,
        v1_0.is_default,
        v1_0.license_plate,
        v1_0.notes,
        v1_0.vehicle_size 
    from
        vehicles v1_0 
    left join
        customers c1_0 
            on c1_0.customer_id=v1_0.customer_id 
    where
        c1_0.customer_id=?
